{"/home/emmanuel-adah/Documents/PanAfrik_Store/app.js": {"path":"/home/emmanuel-adah/Documents/PanAfrik_Store/app.js","statementMap":{"0":{"start":{"line":1,"column":16},"end":{"line":1,"column":34}},"1":{"start":{"line":2,"column":13},"end":{"line":2,"column":28}},"2":{"start":{"line":3,"column":19},"end":{"line":3,"column":49}},"3":{"start":{"line":5,"column":12},"end":{"line":5,"column":21}},"4":{"start":{"line":8,"column":0},"end":{"line":8,"column":16}},"5":{"start":{"line":9,"column":0},"end":{"line":9,"column":24}},"6":{"start":{"line":12,"column":0},"end":{"line":12,"column":33}},"7":{"start":{"line":15,"column":0},"end":{"line":15,"column":21}}},"fnMap":{},"branchMap":{},"s":{"0":1,"1":1,"2":1,"3":1,"4":1,"5":1,"6":1,"7":1},"f":{},"b":{},"_coverageSchema":"1a1c01bbd47fc00a2c39e90264f33305004495a9","hash":"bcbe0cde877953a630d9dca6e2c68291876af272"}
,"/home/emmanuel-adah/Documents/PanAfrik_Store/config/db.js": {"path":"/home/emmanuel-adah/Documents/PanAfrik_Store/config/db.js","statementMap":{"0":{"start":{"line":1,"column":17},"end":{"line":1,"column":30}},"1":{"start":{"line":2,"column":13},"end":{"line":2,"column":28}},"2":{"start":{"line":4,"column":0},"end":{"line":8,"column":3}},"3":{"start":{"line":10,"column":13},"end":{"line":16,"column":2}},"4":{"start":{"line":19,"column":0},"end":{"line":49,"column":2}},"5":{"start":{"line":21,"column":18},"end":{"line":21,"column":28}},"6":{"start":{"line":22,"column":4},"end":{"line":36,"column":5}},"7":{"start":{"line":23,"column":18},"end":{"line":23,"column":48}},"8":{"start":{"line":24,"column":23},"end":{"line":24,"column":41}},"9":{"start":{"line":27,"column":6},"end":{"line":27,"column":76}},"10":{"start":{"line":29,"column":6},"end":{"line":29,"column":17}},"11":{"start":{"line":31,"column":6},"end":{"line":34,"column":9}},"12":{"start":{"line":35,"column":6},"end":{"line":35,"column":18}},"13":{"start":{"line":41,"column":19},"end":{"line":41,"column":39}},"14":{"start":{"line":42,"column":4},"end":{"line":42,"column":18}},"15":{"start":{"line":46,"column":4},"end":{"line":46,"column":44}},"16":{"start":{"line":47,"column":4},"end":{"line":47,"column":28}}},"fnMap":{"0":{"name":"(anonymous_0)","decl":{"start":{"line":20,"column":2},"end":{"line":20,"column":3}},"loc":{"start":{"line":20,"column":28},"end":{"line":37,"column":3}},"line":20},"1":{"name":"(anonymous_1)","decl":{"start":{"line":39,"column":2},"end":{"line":39,"column":3}},"loc":{"start":{"line":39,"column":20},"end":{"line":43,"column":3}},"line":39},"2":{"name":"(anonymous_2)","decl":{"start":{"line":45,"column":2},"end":{"line":45,"column":3}},"loc":{"start":{"line":45,"column":14},"end":{"line":48,"column":3}},"line":45}},"branchMap":{"0":{"loc":{"start":{"line":5,"column":8},"end":{"line":7,"column":40}},"type":"cond-expr","locations":[{"start":{"line":6,"column":6},"end":{"line":6,"column":45}},{"start":{"line":7,"column":6},"end":{"line":7,"column":40}}],"line":5},"1":{"loc":{"start":{"line":15,"column":8},"end":{"line":15,"column":35}},"type":"binary-expr","locations":[{"start":{"line":15,"column":8},"end":{"line":15,"column":27}},{"start":{"line":15,"column":31},"end":{"line":15,"column":35}}],"line":15}},"s":{"0":1,"1":1,"2":1,"3":1,"4":1,"5":8,"6":8,"7":8,"8":8,"9":8,"10":8,"11":0,"12":0,"13":0,"14":0,"15":1,"16":1},"f":{"0":8,"1":0,"2":1},"b":{"0":[1,0],"1":[1,0]},"_coverageSchema":"1a1c01bbd47fc00a2c39e90264f33305004495a9","hash":"72ebb0ebfd7cb56e73e0da7d31444b1ec94cf5d3"}
,"/home/emmanuel-adah/Documents/PanAfrik_Store/controllers/authController.js": {"path":"/home/emmanuel-adah/Documents/PanAfrik_Store/controllers/authController.js","statementMap":{"0":{"start":{"line":1,"column":11},"end":{"line":1,"column":34}},"1":{"start":{"line":2,"column":41},"end":{"line":2,"column":70}},"2":{"start":{"line":3,"column":24},"end":{"line":3,"column":52}},"3":{"start":{"line":4,"column":15},"end":{"line":4,"column":41}},"4":{"start":{"line":5,"column":33},"end":{"line":5,"column":63}},"5":{"start":{"line":7,"column":0},"end":{"line":71,"column":2}},"6":{"start":{"line":9,"column":22},"end":{"line":9,"column":52}},"7":{"start":{"line":10,"column":4},"end":{"line":10,"column":80}},"8":{"start":{"line":10,"column":15},"end":{"line":10,"column":80}},"9":{"start":{"line":12,"column":85},"end":{"line":12,"column":93}},"10":{"start":{"line":14,"column":4},"end":{"line":70,"column":5}},"11":{"start":{"line":15,"column":26},"end":{"line":15,"column":96}},"12":{"start":{"line":16,"column":31},"end":{"line":16,"column":59}},"13":{"start":{"line":18,"column":22},"end":{"line":31,"column":9}},"14":{"start":{"line":33,"column":25},"end":{"line":40,"column":10}},"15":{"start":{"line":42,"column":21},"end":{"line":42,"column":28}},"16":{"start":{"line":44,"column":8},"end":{"line":51,"column":9}},"17":{"start":{"line":45,"column":12},"end":{"line":45,"column":82}},"18":{"start":{"line":47,"column":12},"end":{"line":50,"column":15}},"19":{"start":{"line":53,"column":22},"end":{"line":53,"column":58}},"20":{"start":{"line":55,"column":8},"end":{"line":60,"column":11}},"21":{"start":{"line":63,"column":8},"end":{"line":67,"column":11}},"22":{"start":{"line":69,"column":8},"end":{"line":69,"column":90}},"23":{"start":{"line":74,"column":4},"end":{"line":80,"column":5}},"24":{"start":{"line":83,"column":0},"end":{"line":122,"column":2}},"25":{"start":{"line":84,"column":4},"end":{"line":121,"column":5}},"26":{"start":{"line":85,"column":36},"end":{"line":85,"column":44}},"27":{"start":{"line":87,"column":8},"end":{"line":89,"column":9}},"28":{"start":{"line":88,"column":12},"end":{"line":88,"column":86}},"29":{"start":{"line":91,"column":27},"end":{"line":94,"column":9}},"30":{"start":{"line":96,"column":21},"end":{"line":96,"column":39}},"31":{"start":{"line":98,"column":31},"end":{"line":98,"column":58}},"32":{"start":{"line":100,"column":8},"end":{"line":102,"column":9}},"33":{"start":{"line":101,"column":12},"end":{"line":101,"column":67}},"34":{"start":{"line":104,"column":24},"end":{"line":104,"column":75}},"35":{"start":{"line":106,"column":8},"end":{"line":108,"column":9}},"36":{"start":{"line":107,"column":12},"end":{"line":107,"column":67}},"37":{"start":{"line":110,"column":22},"end":{"line":110,"column":58}},"38":{"start":{"line":112,"column":8},"end":{"line":117,"column":11}},"39":{"start":{"line":119,"column":8},"end":{"line":119,"column":62}},"40":{"start":{"line":120,"column":8},"end":{"line":120,"column":65}}},"fnMap":{"0":{"name":"(anonymous_0)","decl":{"start":{"line":7,"column":23},"end":{"line":7,"column":24}},"loc":{"start":{"line":7,"column":43},"end":{"line":71,"column":1}},"line":7},"1":{"name":"generatePayload","decl":{"start":{"line":73,"column":9},"end":{"line":73,"column":24}},"loc":{"start":{"line":73,"column":30},"end":{"line":81,"column":1}},"line":73},"2":{"name":"(anonymous_2)","decl":{"start":{"line":83,"column":20},"end":{"line":83,"column":21}},"loc":{"start":{"line":83,"column":40},"end":{"line":122,"column":1}},"line":83}},"branchMap":{"0":{"loc":{"start":{"line":10,"column":4},"end":{"line":10,"column":80}},"type":"if","locations":[{"start":{"line":10,"column":4},"end":{"line":10,"column":80}},{"start":{},"end":{}}],"line":10},"1":{"loc":{"start":{"line":44,"column":8},"end":{"line":51,"column":9}},"type":"if","locations":[{"start":{"line":44,"column":8},"end":{"line":51,"column":9}},{"start":{},"end":{}}],"line":44},"2":{"loc":{"start":{"line":87,"column":8},"end":{"line":89,"column":9}},"type":"if","locations":[{"start":{"line":87,"column":8},"end":{"line":89,"column":9}},{"start":{},"end":{}}],"line":87},"3":{"loc":{"start":{"line":87,"column":12},"end":{"line":87,"column":31}},"type":"binary-expr","locations":[{"start":{"line":87,"column":12},"end":{"line":87,"column":18}},{"start":{"line":87,"column":22},"end":{"line":87,"column":31}}],"line":87},"4":{"loc":{"start":{"line":100,"column":8},"end":{"line":102,"column":9}},"type":"if","locations":[{"start":{"line":100,"column":8},"end":{"line":102,"column":9}},{"start":{},"end":{}}],"line":100},"5":{"loc":{"start":{"line":106,"column":8},"end":{"line":108,"column":9}},"type":"if","locations":[{"start":{"line":106,"column":8},"end":{"line":108,"column":9}},{"start":{},"end":{}}],"line":106}},"s":{"0":1,"1":1,"2":1,"3":1,"4":1,"5":1,"6":2,"7":2,"8":0,"9":2,"10":2,"11":2,"12":2,"13":2,"14":2,"15":2,"16":2,"17":1,"18":1,"19":1,"20":1,"21":0,"22":0,"23":4,"24":1,"25":4,"26":4,"27":4,"28":1,"29":3,"30":3,"31":3,"32":3,"33":1,"34":2,"35":2,"36":1,"37":1,"38":1,"39":0,"40":0},"f":{"0":2,"1":4,"2":4},"b":{"0":[0,2],"1":[1,1],"2":[1,3],"3":[4,4],"4":[1,2],"5":[1,1]},"_coverageSchema":"1a1c01bbd47fc00a2c39e90264f33305004495a9","hash":"20d1640d82c27155459d1817d3a0606d41351521"}
,"/home/emmanuel-adah/Documents/PanAfrik_Store/middleware/hash.js": {"path":"/home/emmanuel-adah/Documents/PanAfrik_Store/middleware/hash.js","statementMap":{"0":{"start":{"line":1,"column":15},"end":{"line":1,"column":32}},"1":{"start":{"line":3,"column":0},"end":{"line":3,"column":75}},"2":{"start":{"line":3,"column":43},"end":{"line":3,"column":74}},"3":{"start":{"line":5,"column":0},"end":{"line":5,"column":89}},"4":{"start":{"line":5,"column":52},"end":{"line":5,"column":88}}},"fnMap":{"0":{"name":"(anonymous_0)","decl":{"start":{"line":3,"column":23},"end":{"line":3,"column":24}},"loc":{"start":{"line":3,"column":43},"end":{"line":3,"column":74}},"line":3},"1":{"name":"(anonymous_1)","decl":{"start":{"line":5,"column":26},"end":{"line":5,"column":27}},"loc":{"start":{"line":5,"column":52},"end":{"line":5,"column":88}},"line":5}},"branchMap":{},"s":{"0":1,"1":1,"2":2,"3":1,"4":2},"f":{"0":2,"1":2},"b":{},"_coverageSchema":"1a1c01bbd47fc00a2c39e90264f33305004495a9","hash":"a26fdf761b474b555516faddab44c13e46e9cc56"}
,"/home/emmanuel-adah/Documents/PanAfrik_Store/middleware/jwt.js": {"path":"/home/emmanuel-adah/Documents/PanAfrik_Store/middleware/jwt.js","statementMap":{"0":{"start":{"line":1,"column":12},"end":{"line":1,"column":35}},"1":{"start":{"line":3,"column":26},"end":{"line":44,"column":1}},"2":{"start":{"line":5,"column":23},"end":{"line":5,"column":51}},"3":{"start":{"line":8,"column":4},"end":{"line":14,"column":5}},"4":{"start":{"line":9,"column":8},"end":{"line":13,"column":11}},"5":{"start":{"line":16,"column":18},"end":{"line":16,"column":42}},"6":{"start":{"line":18,"column":4},"end":{"line":43,"column":5}},"7":{"start":{"line":20,"column":23},"end":{"line":20,"column":64}},"8":{"start":{"line":24,"column":8},"end":{"line":24,"column":27}},"9":{"start":{"line":27,"column":8},"end":{"line":27,"column":15}},"10":{"start":{"line":30,"column":8},"end":{"line":36,"column":9}},"11":{"start":{"line":31,"column":12},"end":{"line":35,"column":15}},"12":{"start":{"line":38,"column":8},"end":{"line":42,"column":11}},"13":{"start":{"line":46,"column":22},"end":{"line":54,"column":1}},"14":{"start":{"line":47,"column":4},"end":{"line":53,"column":11}},"15":{"start":{"line":56,"column":0},"end":{"line":59,"column":2}}},"fnMap":{"0":{"name":"(anonymous_0)","decl":{"start":{"line":3,"column":26},"end":{"line":3,"column":27}},"loc":{"start":{"line":3,"column":46},"end":{"line":44,"column":1}},"line":3},"1":{"name":"(anonymous_1)","decl":{"start":{"line":46,"column":22},"end":{"line":46,"column":23}},"loc":{"start":{"line":46,"column":35},"end":{"line":54,"column":1}},"line":46}},"branchMap":{"0":{"loc":{"start":{"line":8,"column":4},"end":{"line":14,"column":5}},"type":"if","locations":[{"start":{"line":8,"column":4},"end":{"line":14,"column":5}},{"start":{},"end":{}}],"line":8},"1":{"loc":{"start":{"line":8,"column":8},"end":{"line":8,"column":56}},"type":"binary-expr","locations":[{"start":{"line":8,"column":8},"end":{"line":8,"column":19}},{"start":{"line":8,"column":23},"end":{"line":8,"column":56}}],"line":8},"2":{"loc":{"start":{"line":30,"column":8},"end":{"line":36,"column":9}},"type":"if","locations":[{"start":{"line":30,"column":8},"end":{"line":36,"column":9}},{"start":{},"end":{}}],"line":30}},"s":{"0":1,"1":1,"2":0,"3":0,"4":0,"5":0,"6":0,"7":0,"8":0,"9":0,"10":0,"11":0,"12":0,"13":1,"14":2,"15":1},"f":{"0":0,"1":2},"b":{"0":[0,0],"1":[0,0],"2":[0,0]},"_coverageSchema":"1a1c01bbd47fc00a2c39e90264f33305004495a9","hash":"8b1e897e61e0c0fde07845accc1867d8fcc5a2f3"}
,"/home/emmanuel-adah/Documents/PanAfrik_Store/routes/authRoutes.js": {"path":"/home/emmanuel-adah/Documents/PanAfrik_Store/routes/authRoutes.js","statementMap":{"0":{"start":{"line":1,"column":16},"end":{"line":1,"column":34}},"1":{"start":{"line":2,"column":15},"end":{"line":2,"column":31}},"2":{"start":{"line":3,"column":23},"end":{"line":3,"column":63}},"3":{"start":{"line":5,"column":0},"end":{"line":5,"column":54}},"4":{"start":{"line":6,"column":0},"end":{"line":6,"column":48}},"5":{"start":{"line":8,"column":0},"end":{"line":8,"column":24}}},"fnMap":{},"branchMap":{},"s":{"0":1,"1":1,"2":1,"3":1,"4":1,"5":1},"f":{},"b":{},"_coverageSchema":"1a1c01bbd47fc00a2c39e90264f33305004495a9","hash":"e8023ec0242455a87a4a0c124f529bec5ec35b55"}
,"/home/emmanuel-adah/Documents/PanAfrik_Store/utils/logger.js": {"path":"/home/emmanuel-adah/Documents/PanAfrik_Store/utils/logger.js","statementMap":{"0":{"start":{"line":1,"column":45},"end":{"line":1,"column":63}},"1":{"start":{"line":2,"column":13},"end":{"line":2,"column":28}},"2":{"start":{"line":3,"column":11},"end":{"line":3,"column":24}},"3":{"start":{"line":6,"column":17},"end":{"line":6,"column":57}},"4":{"start":{"line":7,"column":20},"end":{"line":7,"column":65}},"5":{"start":{"line":9,"column":15},"end":{"line":27,"column":2}},"6":{"start":{"line":30,"column":0},"end":{"line":37,"column":1}},"7":{"start":{"line":31,"column":2},"end":{"line":36,"column":6}},"8":{"start":{"line":39,"column":0},"end":{"line":39,"column":24}}},"fnMap":{},"branchMap":{"0":{"loc":{"start":{"line":19,"column":9},"end":{"line":19,"column":46}},"type":"binary-expr","locations":[{"start":{"line":19,"column":9},"end":{"line":19,"column":29}},{"start":{"line":19,"column":33},"end":{"line":19,"column":46}}],"line":19},"1":{"loc":{"start":{"line":30,"column":0},"end":{"line":37,"column":1}},"type":"if","locations":[{"start":{"line":30,"column":0},"end":{"line":37,"column":1}},{"start":{},"end":{}}],"line":30}},"s":{"0":1,"1":1,"2":1,"3":1,"4":1,"5":1,"6":1,"7":1,"8":1},"f":{},"b":{"0":[1,0],"1":[1,0]},"_coverageSchema":"1a1c01bbd47fc00a2c39e90264f33305004495a9","hash":"6fdba2f6b927e8242febccc47af8857da36cb9c6"}
,"/home/emmanuel-adah/Documents/PanAfrik_Store/utils/validation.js": {"path":"/home/emmanuel-adah/Documents/PanAfrik_Store/utils/validation.js","statementMap":{"0":{"start":{"line":1,"column":12},"end":{"line":1,"column":26}},"1":{"start":{"line":3,"column":23},"end":{"line":52,"column":2}},"2":{"start":{"line":54,"column":29},"end":{"line":56,"column":1}},"3":{"start":{"line":55,"column":4},"end":{"line":55,"column":64}},"4":{"start":{"line":58,"column":0},"end":{"line":60,"column":2}}},"fnMap":{"0":{"name":"(anonymous_0)","decl":{"start":{"line":54,"column":29},"end":{"line":54,"column":30}},"loc":{"start":{"line":54,"column":39},"end":{"line":56,"column":1}},"line":54}},"branchMap":{},"s":{"0":1,"1":1,"2":1,"3":2,"4":1},"f":{"0":2},"b":{},"_coverageSchema":"1a1c01bbd47fc00a2c39e90264f33305004495a9","hash":"21be1970ca27b23e5a2a5e4ebef2093d5f8e0abb"}
}
