TN:
SF:app.js
FNF:0
FNH:0
DA:1,1
DA:2,1
DA:3,1
DA:5,1
DA:8,1
DA:9,1
DA:12,1
DA:15,1
LF:8
LH:8
BRF:0
BRH:0
end_of_record
TN:
SF:config/db.js
FN:20,(anonymous_0)
FN:39,(anonymous_1)
FN:45,(anonymous_2)
FNF:3
FNH:2
FNDA:8,(anonymous_0)
FNDA:0,(anonymous_1)
FNDA:1,(anonymous_2)
DA:1,1
DA:2,1
DA:4,1
DA:10,1
DA:19,1
DA:21,8
DA:22,8
DA:23,8
DA:24,8
DA:27,8
DA:29,8
DA:31,0
DA:35,0
DA:41,0
DA:42,0
DA:46,1
DA:47,1
LF:17
LH:13
BRDA:5,0,0,1
BRDA:5,0,1,0
BRDA:15,1,0,1
BRDA:15,1,1,0
BRF:4
BRH:2
end_of_record
TN:
SF:controllers/authController.js
FN:7,(anonymous_0)
FN:73,generatePayload
FN:83,(anonymous_2)
FNF:3
FNH:3
FNDA:2,(anonymous_0)
FNDA:4,generatePayload
FNDA:4,(anonymous_2)
DA:1,1
DA:2,1
DA:3,1
DA:4,1
DA:5,1
DA:7,1
DA:9,2
DA:10,2
DA:12,2
DA:14,2
DA:15,2
DA:16,2
DA:18,2
DA:33,2
DA:42,2
DA:44,2
DA:45,1
DA:47,1
DA:53,1
DA:55,1
DA:63,0
DA:69,0
DA:74,4
DA:83,1
DA:84,4
DA:85,4
DA:87,4
DA:88,1
DA:91,3
DA:96,3
DA:98,3
DA:100,3
DA:101,1
DA:104,2
DA:106,2
DA:107,1
DA:110,1
DA:112,1
DA:119,0
DA:120,0
LF:40
LH:36
BRDA:10,0,0,0
BRDA:10,0,1,2
BRDA:44,1,0,1
BRDA:44,1,1,1
BRDA:87,2,0,1
BRDA:87,2,1,3
BRDA:87,3,0,4
BRDA:87,3,1,4
BRDA:100,4,0,1
BRDA:100,4,1,2
BRDA:106,5,0,1
BRDA:106,5,1,1
BRF:12
BRH:11
end_of_record
TN:
SF:middleware/hash.js
FN:3,(anonymous_0)
FN:5,(anonymous_1)
FNF:2
FNH:2
FNDA:2,(anonymous_0)
FNDA:2,(anonymous_1)
DA:1,1
DA:3,2
DA:5,2
LF:3
LH:3
BRF:0
BRH:0
end_of_record
TN:
SF:middleware/jwt.js
FN:3,(anonymous_0)
FN:46,(anonymous_1)
FNF:2
FNH:1
FNDA:0,(anonymous_0)
FNDA:2,(anonymous_1)
DA:1,1
DA:3,1
DA:5,0
DA:8,0
DA:9,0
DA:16,0
DA:18,0
DA:20,0
DA:24,0
DA:27,0
DA:30,0
DA:31,0
DA:38,0
DA:46,1
DA:47,2
DA:56,1
LF:16
LH:5
BRDA:8,0,0,0
BRDA:8,0,1,0
BRDA:8,1,0,0
BRDA:8,1,1,0
BRDA:30,2,0,0
BRDA:30,2,1,0
BRF:6
BRH:0
end_of_record
TN:
SF:routes/authRoutes.js
FNF:0
FNH:0
DA:1,1
DA:2,1
DA:3,1
DA:5,1
DA:6,1
DA:8,1
LF:6
LH:6
BRF:0
BRH:0
end_of_record
TN:
SF:utils/logger.js
FNF:0
FNH:0
DA:1,1
DA:2,1
DA:3,1
DA:6,1
DA:7,1
DA:9,1
DA:30,1
DA:31,1
DA:39,1
LF:9
LH:9
BRDA:19,0,0,1
BRDA:19,0,1,0
BRDA:30,1,0,1
BRDA:30,1,1,0
BRF:4
BRH:2
end_of_record
TN:
SF:utils/validation.js
FN:54,(anonymous_0)
FNF:1
FNH:1
FNDA:2,(anonymous_0)
DA:1,1
DA:3,1
DA:54,1
DA:55,2
DA:58,1
LF:5
LH:5
BRF:0
BRH:0
end_of_record
